
============================================================
  开始时间 : 2026-04-19 22:16:44
  探测字段 : anl4_cff_flag
  共 28 条探针待回测
============================================================


┌──────────────────────────────────────────────────────────┐
│  📊 字段: anl4_cff_flag                               [22:30:44]  │
├──────────────────────────────────────────────────────────┤
│  ① 覆盖率      Long: 1949        Short: 0              │
│  ② 精确覆盖率  Long: 1949                                │
│  ③ 更新频率    N5:2  N22:14  N66:46  N252:180              │
│  ④ 数值范围    X0.01:1949  X0.1:1949  X0.5:1949  X1:1949  X2:1949  X5:1949  X10:1949│
│  ⑤ 中位数      X0:ERR  X0.1:ERR  X0.5:ERR  X1:ERR  X2:ERR  X5:ERR│
│  ⑥ 分布形态    [0,0.2]:ERR  [0.2,0.4]:ERR  [0.4,0.6]:ERR  [0.6,0.8]:ERR  [0.8,1]:ERR│
│  ⑦ 填充覆盖率  N5:1969  N22:2037  N66:2183  N252:2445      │
└──────────────────────────────────────────────────────────┘


============================================================
  结束时间 : 2026-04-19 22:30:44
  探测字段 : anl4_cff_flag
  共完成   : 28 条探针
  已保存至 : probe_results\anl4_cff_flag_probe_results.csv
============================================================

